<?xml version="1.0" encoding="UTF-8"?>
<!-- Generated by org.testng.reporters.JUnitReportReporter -->
<testsuite hostname="FFPL-Naveen" failures="0" tests="1" name="test_Scripts.VerifyIFDestinationTextfieldLocatorIsPresent" time="3.729" errors="0" timestamp="2023-05-03T10:51:27 IST" skipped="0">
  <testcase classname="test_Scripts.VerifyIFDestinationTextfieldLocatorIsPresent" name="Locator" time="3.729"/>
  <system-out/>
</testsuite> <!-- test_Scripts.VerifyIFDestinationTextfieldLocatorIsPresent -->
