<?xml version="1.0" encoding="UTF-8"?>
<!-- Generated by org.testng.reporters.JUnitReportReporter -->
<testsuite hostname="FFPL-Naveen" failures="0" tests="1" name="test_Scripts.VerifyIfDestinationPlaceholderIsPresent" time="5.835" errors="0" timestamp="2023-05-03T10:40:16 IST" skipped="0">
  <testcase classname="test_Scripts.VerifyIfDestinationPlaceholderIsPresent" name="Placeholder" time="5.835"/>
  <system-out/>
</testsuite> <!-- test_Scripts.VerifyIfDestinationPlaceholderIsPresent -->
