<?xml version="1.0" encoding="UTF-8"?>
<!-- Generated by org.testng.reporters.JUnitReportReporter -->
<testsuite hostname="FFPL-Naveen" failures="0" tests="1" name="test_Scripts.VerifyDestinationTextfieldIsAcceptingString" time="6.070" errors="0" timestamp="2023-05-03T10:47:03 IST" skipped="0">
  <testcase classname="test_Scripts.VerifyDestinationTextfieldIsAcceptingString" name="Place" time="6.070"/>
  <system-out/>
</testsuite> <!-- test_Scripts.VerifyDestinationTextfieldIsAcceptingString -->
