<?xml version="1.0" encoding="UTF-8"?>
<!-- Generated by org.testng.reporters.JUnitReportReporter -->
<testsuite hostname="FFPL-Naveen" failures="0" tests="1" name="test_Scripts.VerifyIfDestinationTextfieldIsAcceptingString" time="19.142" errors="0" timestamp="2023-05-03T11:10:33 IST" skipped="0">
  <testcase classname="test_Scripts.VerifyIfDestinationTextfieldIsAcceptingString" name="Destination" time="19.142"/>
  <system-out/>
</testsuite> <!-- test_Scripts.VerifyIfDestinationTextfieldIsAcceptingString -->
