<?xml version="1.0" encoding="UTF-8"?>
<!-- Generated by org.testng.reporters.JUnitReportReporter -->
<testsuite hostname="FFPL-Naveen" failures="0" tests="1" name="test_Scripts.VerifyDestinationTextfieldErrorMessageIsDisplayed" time="4.799" errors="0" timestamp="2023-05-03T10:53:22 IST" skipped="0">
  <testcase classname="test_Scripts.VerifyDestinationTextfieldErrorMessageIsDisplayed" name="Place" time="4.799"/>
  <system-out/>
</testsuite> <!-- test_Scripts.VerifyDestinationTextfieldErrorMessageIsDisplayed -->
